[parity] running CP7 fixture: tests::cli_parses_doctor_command_and_flags
    Blocking waiting for file lock on package cache
    Blocking waiting for file lock on package cache
    Blocking waiting for file lock on package cache
    Blocking waiting for file lock on build directory
    Finished `test` profile [unoptimized + debuginfo] target(s) in 1.50s
     Running unittests src/main.rs (target\debug\deps\openclaw_agent_rs-4268d36619bf13d5.exe)

running 1 test
test tests::cli_parses_doctor_command_and_flags ... ok

test result: ok. 1 passed; 0 failed; 0 ignored; 0 measured; 245 filtered out; finished in 0.00s

[parity] running CP7 fixture: tests::cli_parses_gateway_status_command_and_json_flag
    Blocking waiting for file lock on package cache
    Blocking waiting for file lock on package cache
    Blocking waiting for file lock on package cache
    Blocking waiting for file lock on package cache
    Finished `test` profile [unoptimized + debuginfo] target(s) in 1.20s
     Running unittests src/main.rs (target\debug\deps\openclaw_agent_rs-4268d36619bf13d5.exe)

running 1 test
test tests::cli_parses_gateway_status_command_and_json_flag ... ok

test result: ok. 1 passed; 0 failed; 0 ignored; 0 measured; 245 filtered out; finished in 0.00s

[parity] running CP7 fixture: tests::cli_parses_message_send_command
    Blocking waiting for file lock on package cache
    Finished `test` profile [unoptimized + debuginfo] target(s) in 0.61s
     Running unittests src/main.rs (target\debug\deps\openclaw_agent_rs-4268d36619bf13d5.exe)

running 1 test
test tests::cli_parses_message_send_command ... ok

test result: ok. 1 passed; 0 failed; 0 ignored; 0 measured; 245 filtered out; finished in 0.00s

[parity] running CP7 fixture: tests::doctor_report_marks_config_load_failure_as_blocking
    Blocking waiting for file lock on package cache
    Finished `test` profile [unoptimized + debuginfo] target(s) in 0.57s
     Running unittests src/main.rs (target\debug\deps\openclaw_agent_rs-4268d36619bf13d5.exe)

running 1 test
test tests::doctor_report_marks_config_load_failure_as_blocking ... ok

test result: ok. 1 passed; 0 failed; 0 ignored; 0 measured; 245 filtered out; finished in 0.00s

[parity] running CP7 fixture: tests::doctor_report_warns_when_docker_is_unavailable
    Blocking waiting for file lock on package cache
    Blocking waiting for file lock on package cache
    Blocking waiting for file lock on package cache
    Blocking waiting for file lock on package cache
    Blocking waiting for file lock on build directory
    Finished `test` profile [unoptimized + debuginfo] target(s) in 1.13s
     Running unittests src/main.rs (target\debug\deps\openclaw_agent_rs-4268d36619bf13d5.exe)

running 1 test
test tests::doctor_report_warns_when_docker_is_unavailable ... ok

test result: ok. 1 passed; 0 failed; 0 ignored; 0 measured; 245 filtered out; finished in 0.00s

[parity] running CP7 fixture: tests::cli_dispatch_rpc_status_returns_runtime_payload
    Blocking waiting for file lock on package cache
    Blocking waiting for file lock on package cache
    Blocking waiting for file lock on package cache
    Blocking waiting for file lock on package cache
    Finished `test` profile [unoptimized + debuginfo] target(s) in 0.74s
     Running unittests src/main.rs (target\debug\deps\openclaw_agent_rs-4268d36619bf13d5.exe)

running 1 test
test tests::cli_dispatch_rpc_status_returns_runtime_payload ... ok

test result: ok. 1 passed; 0 failed; 0 ignored; 0 measured; 245 filtered out; finished in 0.00s

[parity] running CP7 fixture: tests::cli_dispatch_rpc_send_returns_message_identifiers
    Blocking waiting for file lock on package cache
    Finished `test` profile [unoptimized + debuginfo] target(s) in 0.53s
     Running unittests src/main.rs (target\debug\deps\openclaw_agent_rs-4268d36619bf13d5.exe)

running 1 test
test tests::cli_dispatch_rpc_send_returns_message_identifiers ... ok

test result: ok. 1 passed; 0 failed; 0 ignored; 0 measured; 245 filtered out; finished in 0.00s

[parity] running CP7 fixture: tests::cli_dispatch_rpc_sessions_list_returns_count_field
    Blocking waiting for file lock on package cache
    Blocking waiting for file lock on build directory
    Finished `test` profile [unoptimized + debuginfo] target(s) in 0.53s
     Running unittests src/main.rs (target\debug\deps\openclaw_agent_rs-4268d36619bf13d5.exe)

running 1 test
test tests::cli_dispatch_rpc_sessions_list_returns_count_field ... ok

test result: ok. 1 passed; 0 failed; 0 ignored; 0 measured; 245 filtered out; finished in 0.00s

[parity] running CP7 fixture: gateway::tests::dispatcher_update_and_web_login_methods_report_expected_payloads
    Blocking waiting for file lock on package cache
    Blocking waiting for file lock on package cache
    Blocking waiting for file lock on package cache
    Blocking waiting for file lock on package cache
    Finished `test` profile [unoptimized + debuginfo] target(s) in 0.73s
     Running unittests src/main.rs (target\debug\deps\openclaw_agent_rs-4268d36619bf13d5.exe)

running 1 test
test gateway::tests::dispatcher_update_and_web_login_methods_report_expected_payloads ... ok

test result: ok. 1 passed; 0 failed; 0 ignored; 0 measured; 245 filtered out; finished in 0.01s

[parity] CP7 gate passed
