[parity] running CP8 fixture: bridge::tests::replay_harness_with_real_defender
    Finished `test` profile [unoptimized + debuginfo] target(s) in 0.30s
     Running unittests src/main.rs (target\debug\deps\openclaw_agent_rs-4268d36619bf13d5.exe)

running 1 test
test bridge::tests::replay_harness_with_real_defender ... ok

test result: ok. 1 passed; 0 failed; 0 ignored; 0 measured; 242 filtered out; finished in 0.07s

[parity] running CP8 fixture: bridge::tests::multi_session_soak_preserves_per_session_fifo_without_duplicates
    Finished `test` profile [unoptimized + debuginfo] target(s) in 0.31s
     Running unittests src/main.rs (target\debug\deps\openclaw_agent_rs-4268d36619bf13d5.exe)

running 1 test
test bridge::tests::multi_session_soak_preserves_per_session_fifo_without_duplicates ... ok

test result: ok. 1 passed; 0 failed; 0 ignored; 0 measured; 242 filtered out; finished in 1.52s

[parity] running CP8 fixture: bridge::tests::followup_queue_pressure_preserves_order_without_duplicates
    Finished `test` profile [unoptimized + debuginfo] target(s) in 0.39s
     Running unittests src/main.rs (target\debug\deps\openclaw_agent_rs-4268d36619bf13d5.exe)

running 1 test
test bridge::tests::followup_queue_pressure_preserves_order_without_duplicates ... ok

test result: ok. 1 passed; 0 failed; 0 ignored; 0 measured; 242 filtered out; finished in 2.60s

[parity] running CP8 fixture: scheduler::tests::drops_when_pending_capacity_is_exhausted
    Finished `test` profile [unoptimized + debuginfo] target(s) in 0.27s
     Running unittests src/main.rs (target\debug\deps\openclaw_agent_rs-4268d36619bf13d5.exe)

running 1 test
test scheduler::tests::drops_when_pending_capacity_is_exhausted ... ok

test result: ok. 1 passed; 0 failed; 0 ignored; 0 measured; 242 filtered out; finished in 0.00s

[parity] running CP8 fixture: gateway_server::tests::broadcaster_backpressure_drop_if_slow_semantics
    Finished `test` profile [unoptimized + debuginfo] target(s) in 0.25s
     Running unittests src/main.rs (target\debug\deps\openclaw_agent_rs-4268d36619bf13d5.exe)

running 1 test
test gateway_server::tests::broadcaster_backpressure_drop_if_slow_semantics ... ok

test result: ok. 1 passed; 0 failed; 0 ignored; 0 measured; 242 filtered out; finished in 0.00s

[parity] running CP8 fixture: channels::tests::retry_backoff_policy_scales_and_caps
    Finished `test` profile [unoptimized + debuginfo] target(s) in 0.25s
     Running unittests src/main.rs (target\debug\deps\openclaw_agent_rs-4268d36619bf13d5.exe)

running 1 test
test channels::tests::retry_backoff_policy_scales_and_caps ... ok

test result: ok. 1 passed; 0 failed; 0 ignored; 0 measured; 242 filtered out; finished in 0.00s

[parity] running CP8 fixture: gateway::tests::dispatcher_status_benchmark_emits_latency_profile
    Finished `test` profile [unoptimized + debuginfo] target(s) in 0.27s
     Running unittests src/main.rs (target\debug\deps\openclaw_agent_rs-4268d36619bf13d5.exe)

running 1 test
test gateway::tests::dispatcher_status_benchmark_emits_latency_profile ... ok

test result: ok. 1 passed; 0 failed; 0 ignored; 0 measured; 242 filtered out; finished in 0.02s

[parity] running CP8 fixture: security::prompt_guard::tests::scores_prompt_injection_patterns
    Finished `test` profile [unoptimized + debuginfo] target(s) in 0.31s
     Running unittests src/main.rs (target\debug\deps\openclaw_agent_rs-4268d36619bf13d5.exe)

running 1 test
test security::prompt_guard::tests::scores_prompt_injection_patterns ... ok

test result: ok. 1 passed; 0 failed; 0 ignored; 0 measured; 242 filtered out; finished in 0.01s

[parity] running CP8 fixture: security::command_guard::tests::blocks_known_destructive_patterns
    Finished `test` profile [unoptimized + debuginfo] target(s) in 0.28s
     Running unittests src/main.rs (target\debug\deps\openclaw_agent_rs-4268d36619bf13d5.exe)

running 1 test
test security::command_guard::tests::blocks_known_destructive_patterns ... ok

test result: ok. 1 passed; 0 failed; 0 ignored; 0 measured; 242 filtered out; finished in 0.01s

[parity] running CP8 fixture: security::tests::tool_loop_detection_escalates_warning_then_critical
    Finished `test` profile [unoptimized + debuginfo] target(s) in 0.27s
     Running unittests src/main.rs (target\debug\deps\openclaw_agent_rs-4268d36619bf13d5.exe)

running 1 test
test security::tests::tool_loop_detection_escalates_warning_then_critical ... ok

test result: ok. 1 passed; 0 failed; 0 ignored; 0 measured; 242 filtered out; finished in 0.02s

[parity] running CP8 fixture: security::policy_bundle::tests::loads_valid_signed_bundle_and_applies_policy_patch
    Finished `test` profile [unoptimized + debuginfo] target(s) in 0.22s
     Running unittests src/main.rs (target\debug\deps\openclaw_agent_rs-4268d36619bf13d5.exe)

running 1 test
test security::policy_bundle::tests::loads_valid_signed_bundle_and_applies_policy_patch ... ok

test result: ok. 1 passed; 0 failed; 0 ignored; 0 measured; 242 filtered out; finished in 0.01s

[parity] CP8 gate passed
